<?xml version="1.0" encoding="UTF-8"?>
<testng-results ignored="0" total="1" passed="1" failed="0" skipped="0">
  <reporter-output>
  </reporter-output>
  <suite started-at="2022-11-19T21:38:22 IST" name="Sample Suite" finished-at="2022-11-19T21:38:34 IST" duration-ms="12089">
    <groups>
    </groups>
    <test started-at="2022-11-19T21:38:22 IST" name="Test" finished-at="2022-11-19T21:38:34 IST" duration-ms="12089">
      <class name="test.HomePageMutiRun">
        <test-method is-config="true" signature="setUp()[pri:0, instance:test.HomePageMutiRun@1e67a849]" started-at="2022-11-19T21:38:22 IST" name="setUp" finished-at="2022-11-19T21:38:33 IST" duration-ms="11543" status="PASS">
          <reporter-output>
          </reporter-output>
        </test-method> <!-- setUp -->
        <test-method signature="checkHomePageLogoExists()[pri:0, instance:test.HomePageMutiRun@1e67a849]" started-at="2022-11-19T21:38:33 IST" name="checkHomePageLogoExists" finished-at="2022-11-19T21:38:33 IST" duration-ms="216" status="PASS">
          <reporter-output>
          </reporter-output>
        </test-method> <!-- checkHomePageLogoExists -->
        <test-method is-config="true" signature="tearDown()[pri:0, instance:test.HomePageMutiRun@1e67a849]" started-at="2022-11-19T21:38:33 IST" name="tearDown" finished-at="2022-11-19T21:38:34 IST" duration-ms="296" status="PASS">
          <reporter-output>
          </reporter-output>
        </test-method> <!-- tearDown -->
      </class> <!-- test.HomePageMutiRun -->
    </test> <!-- Test -->
  </suite> <!-- Sample Suite -->
</testng-results>
